  carte.cpp
C:\Users\antow\OneDrive\Documents\Université\IFT-159\devoir 6\BaseDeCode\carte.h(41,35): error C2061: syntax error: identifier 'Position'
  (compiling source file '../../BaseDeCode/carte.cpp')
  
C:\Users\antow\OneDrive\Documents\Université\IFT-159\devoir 6\BaseDeCode\carte.h(57,18): error C2061: syntax error: identifier 'Position'
  (compiling source file '../../BaseDeCode/carte.cpp')
  
C:\Users\antow\OneDrive\Documents\Université\IFT-159\devoir 6\BaseDeCode\carte.h(75,23): error C2061: syntax error: identifier 'Position'
  (compiling source file '../../BaseDeCode/carte.cpp')
  
C:\Users\antow\OneDrive\Documents\Université\IFT-159\devoir 6\BaseDeCode\carte.h(82,21): error C2061: syntax error: identifier 'Position'
  (compiling source file '../../BaseDeCode/carte.cpp')
  
C:\Users\antow\OneDrive\Documents\Université\IFT-159\devoir 6\BaseDeCode\carte.h(88,20): error C2061: syntax error: identifier 'Position'
  (compiling source file '../../BaseDeCode/carte.cpp')
  
C:\Users\antow\OneDrive\Documents\Université\IFT-159\devoir 6\BaseDeCode\carte.h(95,25): error C2061: syntax error: identifier 'Position'
  (compiling source file '../../BaseDeCode/carte.cpp')
  
C:\Users\antow\OneDrive\Documents\Université\IFT-159\devoir 6\BaseDeCode\carte.cpp(72,13): error C2761: 'Case Carte::getCase(void) const': redeclaration of member is not allowed
C:\Users\antow\OneDrive\Documents\Université\IFT-159\devoir 6\BaseDeCode\carte.cpp(72,21): error C2065: 'Position': undeclared identifier
C:\Users\antow\OneDrive\Documents\Université\IFT-159\devoir 6\BaseDeCode\carte.cpp(72,30): error C2146: syntax error: missing ')' before identifier 'e_pos'
C:\Users\antow\OneDrive\Documents\Université\IFT-159\devoir 6\BaseDeCode\carte.cpp(73,1): error C2143: syntax error: missing ';' before '{'
C:\Users\antow\OneDrive\Documents\Université\IFT-159\devoir 6\BaseDeCode\carte.cpp(73,1): error C2447: '{': missing function header (old-style formal list?)
C:\Users\antow\OneDrive\Documents\Université\IFT-159\devoir 6\BaseDeCode\carte.cpp(90,13): error C2761: 'bool Carte::caseEstOuverte(void) const': redeclaration of member is not allowed
C:\Users\antow\OneDrive\Documents\Université\IFT-159\devoir 6\BaseDeCode\carte.cpp(90,28): error C2065: 'Position': undeclared identifier
C:\Users\antow\OneDrive\Documents\Université\IFT-159\devoir 6\BaseDeCode\carte.cpp(90,37): error C2146: syntax error: missing ')' before identifier 'e_pos'
C:\Users\antow\OneDrive\Documents\Université\IFT-159\devoir 6\BaseDeCode\carte.cpp(91,1): error C2143: syntax error: missing ';' before '{'
C:\Users\antow\OneDrive\Documents\Université\IFT-159\devoir 6\BaseDeCode\carte.cpp(91,1): error C2447: '{': missing function header (old-style formal list?)
C:\Users\antow\OneDrive\Documents\Université\IFT-159\devoir 6\BaseDeCode\carte.cpp(107,13): error C2761: 'void Carte::ouvreCase(void)': redeclaration of member is not allowed
C:\Users\antow\OneDrive\Documents\Université\IFT-159\devoir 6\BaseDeCode\carte.cpp(107,23): error C2065: 'Position': undeclared identifier
C:\Users\antow\OneDrive\Documents\Université\IFT-159\devoir 6\BaseDeCode\carte.cpp(107,32): error C2146: syntax error: missing ')' before identifier 'e_pos'
C:\Users\antow\OneDrive\Documents\Université\IFT-159\devoir 6\BaseDeCode\carte.cpp(108,1): error C2143: syntax error: missing ';' before '{'
C:\Users\antow\OneDrive\Documents\Université\IFT-159\devoir 6\BaseDeCode\carte.cpp(108,1): error C2447: '{': missing function header (old-style formal list?)
C:\Users\antow\OneDrive\Documents\Université\IFT-159\devoir 6\BaseDeCode\carte.cpp(142,13): error C2761: 'bool Carte::estDansCarte(void) const': redeclaration of member is not allowed
C:\Users\antow\OneDrive\Documents\Université\IFT-159\devoir 6\BaseDeCode\carte.cpp(142,26): error C2065: 'Position': undeclared identifier
C:\Users\antow\OneDrive\Documents\Université\IFT-159\devoir 6\BaseDeCode\carte.cpp(142,35): error C2146: syntax error: missing ')' before identifier 'e_position'
C:\Users\antow\OneDrive\Documents\Université\IFT-159\devoir 6\BaseDeCode\carte.cpp(143,1): error C2143: syntax error: missing ';' before '{'
C:\Users\antow\OneDrive\Documents\Université\IFT-159\devoir 6\BaseDeCode\carte.cpp(143,1): error C2447: '{': missing function header (old-style formal list?)
C:\Users\antow\OneDrive\Documents\Université\IFT-159\devoir 6\BaseDeCode\carte.cpp(161,33): error C2065: 'Position': undeclared identifier
C:\Users\antow\OneDrive\Documents\Université\IFT-159\devoir 6\BaseDeCode\carte.cpp(259,36): error C2065: 'Position': undeclared identifier
C:\Users\antow\OneDrive\Documents\Université\IFT-159\devoir 6\BaseDeCode\carte.cpp(262,33): error C2065: 'Position': undeclared identifier
C:\Users\antow\OneDrive\Documents\Université\IFT-159\devoir 6\BaseDeCode\carte.cpp(270,52): error C2065: 'Position': undeclared identifier
  carte_.cpp
C:\Users\antow\OneDrive\Documents\Université\IFT-159\devoir 6\BaseDeCode\carte.h(41,35): error C2061: syntax error: identifier 'Position'
  (compiling source file '../../BaseDeCode/carte_.cpp')
  
C:\Users\antow\OneDrive\Documents\Université\IFT-159\devoir 6\BaseDeCode\carte.h(57,18): error C2061: syntax error: identifier 'Position'
  (compiling source file '../../BaseDeCode/carte_.cpp')
  
C:\Users\antow\OneDrive\Documents\Université\IFT-159\devoir 6\BaseDeCode\carte.h(75,23): error C2061: syntax error: identifier 'Position'
  (compiling source file '../../BaseDeCode/carte_.cpp')
  
C:\Users\antow\OneDrive\Documents\Université\IFT-159\devoir 6\BaseDeCode\carte.h(82,21): error C2061: syntax error: identifier 'Position'
  (compiling source file '../../BaseDeCode/carte_.cpp')
  
C:\Users\antow\OneDrive\Documents\Université\IFT-159\devoir 6\BaseDeCode\carte.h(88,20): error C2061: syntax error: identifier 'Position'
  (compiling source file '../../BaseDeCode/carte_.cpp')
  
C:\Users\antow\OneDrive\Documents\Université\IFT-159\devoir 6\BaseDeCode\carte.h(95,25): error C2061: syntax error: identifier 'Position'
  (compiling source file '../../BaseDeCode/carte_.cpp')
  
C:\Users\antow\OneDrive\Documents\Université\IFT-159\devoir 6\BaseDeCode\carte_.cpp(19,17): error C2761: 'Compteur Carte::getNbMinesAdjacentes(void)': redeclaration of member is not allowed
C:\Users\antow\OneDrive\Documents\Université\IFT-159\devoir 6\BaseDeCode\carte_.cpp(19,38): error C2065: 'Position': undeclared identifier
C:\Users\antow\OneDrive\Documents\Université\IFT-159\devoir 6\BaseDeCode\carte_.cpp(19,47): error C2146: syntax error: missing ')' before identifier 'e_pos'
C:\Users\antow\OneDrive\Documents\Université\IFT-159\devoir 6\BaseDeCode\carte_.cpp(20,1): error C2143: syntax error: missing ';' before '{'
C:\Users\antow\OneDrive\Documents\Université\IFT-159\devoir 6\BaseDeCode\carte_.cpp(20,1): error C2447: '{': missing function header (old-style formal list?)
C:\Users\antow\OneDrive\Documents\Université\IFT-159\devoir 6\BaseDeCode\carte_.cpp(35,13): error C2761: 'bool Carte::essaieCase(void)': redeclaration of member is not allowed
C:\Users\antow\OneDrive\Documents\Université\IFT-159\devoir 6\BaseDeCode\carte_.cpp(35,24): error C2065: 'Position': undeclared identifier
C:\Users\antow\OneDrive\Documents\Université\IFT-159\devoir 6\BaseDeCode\carte_.cpp(35,33): error C2146: syntax error: missing ')' before identifier 'e_pos'
C:\Users\antow\OneDrive\Documents\Université\IFT-159\devoir 6\BaseDeCode\carte_.cpp(36,1): error C2143: syntax error: missing ';' before '{'
C:\Users\antow\OneDrive\Documents\Université\IFT-159\devoir 6\BaseDeCode\carte_.cpp(36,1): error C2447: '{': missing function header (old-style formal list?)
  case.cpp
  position.cpp
C:\Users\antow\OneDrive\Documents\Université\IFT-159\devoir 6\BaseDeCode\position.cpp(11,6): error C2182: 'lireValiderEntier': this use of 'void' is not valid
C:\Users\antow\OneDrive\Documents\Université\IFT-159\devoir 6\BaseDeCode\position.cpp(11,24): error C2065: 'istream': undeclared identifier
C:\Users\antow\OneDrive\Documents\Université\IFT-159\devoir 6\BaseDeCode\position.cpp(11,33): error C2065: 'es_entree': undeclared identifier
C:\Users\antow\OneDrive\Documents\Université\IFT-159\devoir 6\BaseDeCode\position.cpp(11,44): error C2062: type 'int' unexpected
C:\Users\antow\OneDrive\Documents\Université\IFT-159\devoir 6\BaseDeCode\position.cpp(12,1): error C2143: syntax error: missing ';' before '{'
C:\Users\antow\OneDrive\Documents\Université\IFT-159\devoir 6\BaseDeCode\position.cpp(12,1): error C2447: '{': missing function header (old-style formal list?)
  main.cpp
C:\Users\antow\OneDrive\Documents\Université\IFT-159\devoir 6\devoir_6\devoir_6\main.cpp(11,10): error C1083: Cannot open include file: 'carte.h': No such file or directory
  Generating Code...
